e:\computer science\school course\cse 169\pa4-cloth simulation\build\clothsimulation.dir\release\imgui_impl_opengl3.obj
e:\computer science\school course\cse 169\pa4-cloth simulation\build\clothsimulation.dir\release\imgui_impl_glfw.obj
e:\computer science\school course\cse 169\pa4-cloth simulation\build\clothsimulation.dir\release\imgui_widgets.obj
e:\computer science\school course\cse 169\pa4-cloth simulation\build\clothsimulation.dir\release\imgui_tables.obj
e:\computer science\school course\cse 169\pa4-cloth simulation\build\clothsimulation.dir\release\imgui_draw.obj
e:\computer science\school course\cse 169\pa4-cloth simulation\build\clothsimulation.dir\release\imgui_demo.obj
e:\computer science\school course\cse 169\pa4-cloth simulation\build\clothsimulation.dir\release\imgui.obj
e:\computer science\school course\cse 169\pa4-cloth simulation\build\clothsimulation.dir\release\shader.obj
e:\computer science\school course\cse 169\pa4-cloth simulation\build\clothsimulation.dir\release\camera.obj
e:\computer science\school course\cse 169\pa4-cloth simulation\build\clothsimulation.dir\release\triangle.obj
e:\computer science\school course\cse 169\pa4-cloth simulation\build\clothsimulation.dir\release\springdamper.obj
e:\computer science\school course\cse 169\pa4-cloth simulation\build\clothsimulation.dir\release\particle.obj
e:\computer science\school course\cse 169\pa4-cloth simulation\build\clothsimulation.dir\release\cloth.obj
e:\computer science\school course\cse 169\pa4-cloth simulation\build\clothsimulation.dir\release\main.obj
e:\computer science\school course\cse 169\pa4-cloth simulation\build\clothsimulation.dir\release\glad.obj
e:\computer science\school course\cse 169\pa4-cloth simulation\build\cmakefiles\generate.stamp
e:\computer science\school course\cse 169\pa4-cloth simulation\build\release\clothsimulation.exe
e:\computer science\school course\cse 169\pa4-cloth simulation\build\clothsimulation.dir\release\clothsimulation.tlog\cl.command.1.tlog
e:\computer science\school course\cse 169\pa4-cloth simulation\build\clothsimulation.dir\release\clothsimulation.tlog\cl.items.tlog
e:\computer science\school course\cse 169\pa4-cloth simulation\build\clothsimulation.dir\release\clothsimulation.tlog\cl.read.1.tlog
e:\computer science\school course\cse 169\pa4-cloth simulation\build\clothsimulation.dir\release\clothsimulation.tlog\cl.write.1.tlog
e:\computer science\school course\cse 169\pa4-cloth simulation\build\clothsimulation.dir\release\clothsimulation.tlog\custombuild.command.1.tlog
e:\computer science\school course\cse 169\pa4-cloth simulation\build\clothsimulation.dir\release\clothsimulation.tlog\custombuild.read.1.tlog
e:\computer science\school course\cse 169\pa4-cloth simulation\build\clothsimulation.dir\release\clothsimulation.tlog\custombuild.write.1.tlog
e:\computer science\school course\cse 169\pa4-cloth simulation\build\clothsimulation.dir\release\clothsimulation.tlog\link.command.1.tlog
e:\computer science\school course\cse 169\pa4-cloth simulation\build\clothsimulation.dir\release\clothsimulation.tlog\link.read.1.tlog
e:\computer science\school course\cse 169\pa4-cloth simulation\build\clothsimulation.dir\release\clothsimulation.tlog\link.secondary.1.tlog
e:\computer science\school course\cse 169\pa4-cloth simulation\build\clothsimulation.dir\release\clothsimulation.tlog\link.write.1.tlog
